<?xml version="1.0" encoding="UTF-8"?>
<coverage generated="1643765130849" clover="3.2.0">
  <project timestamp="1643765130849" name="All files">
    <metrics statements="16" coveredstatements="10" conditionals="20" coveredconditionals="12" methods="6" coveredmethods="3" elements="42" coveredelements="25" complexity="0" loc="16" ncloc="16" packages="1" files="1" classes="1"/>
    <file name="VilleService.js" path="C:\Users\Guillaume\source\repos\FableManager\src\components\map\VilleService.js">
      <metrics statements="16" coveredstatements="10" conditionals="20" coveredconditionals="12" methods="6" coveredmethods="3"/>
      <line num="3" count="2" type="stmt"/>
      <line num="4" count="2" type="stmt"/>
      <line num="8" count="4" type="stmt"/>
      <line num="9" count="4" type="stmt"/>
      <line num="13" count="9" type="cond" truecount="4" falsecount="0"/>
      <line num="14" count="7" type="cond" truecount="6" falsecount="0"/>
      <line num="16" count="5" type="stmt"/>
      <line num="19" count="2" type="stmt"/>
      <line num="20" count="2" type="stmt"/>
      <line num="22" count="2" type="cond" truecount="2" falsecount="2"/>
      <line num="24" count="0" type="cond" truecount="0" falsecount="4"/>
      <line num="25" count="0" type="stmt"/>
      <line num="27" count="0" type="cond" truecount="0" falsecount="2"/>
      <line num="28" count="0" type="stmt"/>
      <line num="30" count="0" type="stmt"/>
      <line num="34" count="0" type="stmt"/>
    </file>
  </project>
</coverage>
