TN:
SF:src\components\map\VilleService.js
FN:2,(anonymous_0)
FN:7,(anonymous_1)
FN:12,(anonymous_2)
FN:25,(anonymous_3)
FN:27,(anonymous_4)
FN:28,(anonymous_5)
FNF:6
FNH:3
FNDA:2,(anonymous_0)
FNDA:4,(anonymous_1)
FNDA:9,(anonymous_2)
FNDA:0,(anonymous_3)
FNDA:0,(anonymous_4)
FNDA:0,(anonymous_5)
DA:3,2
DA:4,2
DA:8,4
DA:9,4
DA:13,9
DA:14,7
DA:16,5
DA:19,2
DA:20,2
DA:22,2
DA:24,0
DA:25,0
DA:27,0
DA:28,0
DA:30,0
DA:34,0
LF:16
LH:10
BRDA:13,0,0,2
BRDA:13,0,1,7
BRDA:13,1,0,9
BRDA:13,1,1,8
BRDA:14,2,0,5
BRDA:14,2,1,2
BRDA:14,3,0,7
BRDA:14,3,1,5
BRDA:14,3,2,4
BRDA:14,3,3,3
BRDA:22,4,0,2
BRDA:22,4,1,0
BRDA:22,5,0,2
BRDA:22,5,1,0
BRDA:24,6,0,0
BRDA:24,6,1,0
BRDA:24,7,0,0
BRDA:24,7,1,0
BRDA:27,8,0,0
BRDA:27,8,1,0
BRF:20
BRH:12
end_of_record
